Received: Array
(
    [category_id] => 0
)
Received: Array
(
    [category_id] => 0
)
Received: Array
(
    [category_id] => 0
)
Received: Array
(
    [category_id] => 0
)
Received: Array
(
    [category_id] => 0
)
Received: Array
(
    [category_id] => 0
)
Received: Array
(
    [category_id] => 0
)
Received: Array
(
    [category_id] => 1
)
Received: Array
(
    [category_id] => 0
)
Received: Array
(
    [action] => get_products
    [category_id] => 0
)
Received: Array
(
    [action] => get_products
    [category_id] => 0
)
Received: Array
(
    [action] => get_products
    [category_id] => 0
)
Received: Array
(
    [category_id] => 0
)
Received: Array
(
    [action] => get_products
    [category_id] => 0
)
